{"timestamp": "2026-03-23T21:00:04.728709", "level": "INFO", "logger": "collector", "message": "Olcumler toplandi", "event": "samples_collected", "packet_index": 20, "sample_count": 32000}
{"timestamp": "2026-03-23T21:00:04.875296", "level": "INFO", "logger": "collector", "message": "Packet metadata olusturuldu", "event": "packet_written", "packet_index": 20, "file_name": "packet_20_1774299594726775000_1774299604726577000_20260323_210004.parquet", "sample_count": 32000, "effective_hz": 3200.0633612545525}
{"timestamp": "2026-03-23T21:00:04.875328", "level": "INFO", "logger": "collector", "message": "Pending queue flush ediliyor", "event": "pending_flush_requested", "packet_index": 20}
{"timestamp": "2026-03-23T21:00:04.903141", "level": "INFO", "logger": "collector", "message": "Yeni packet toplaniyor", "event": "packet_collect_start", "packet_index": 21}
{"timestamp": "2026-03-23T21:00:04.903166", "level": "INFO", "logger": "collector", "message": "Real-time mode aktif", "event": "collector_mode_realtime", "packet_index": 21}
{"timestamp": "2026-03-23T21:00:14.906567", "level": "INFO", "logger": "collector", "message": "Olcumler toplandi", "event": "samples_collected", "packet_index": 21, "sample_count": 32000}
{"timestamp": "2026-03-23T21:00:14.956868", "level": "INFO", "logger": "collector", "message": "Packet metadata olusturuldu", "event": "packet_written", "packet_index": 21, "file_name": "packet_21_1774299604903192000_1774299614903011000_20260323_210014.parquet", "sample_count": 32000, "effective_hz": 3200.0579210483706}
{"timestamp": "2026-03-23T21:00:14.956908", "level": "INFO", "logger": "collector", "message": "Pending queue flush ediliyor", "event": "pending_flush_requested", "packet_index": 21}
{"timestamp": "2026-03-23T21:00:14.982562", "level": "INFO", "logger": "collector", "message": "Yeni packet toplaniyor", "event": "packet_collect_start", "packet_index": 22}
{"timestamp": "2026-03-23T21:00:14.982590", "level": "INFO", "logger": "collector", "message": "Real-time mode aktif", "event": "collector_mode_realtime", "packet_index": 22}
{"timestamp": "2026-03-23T21:00:24.986692", "level": "INFO", "logger": "collector", "message": "Olcumler toplandi", "event": "samples_collected", "packet_index": 22, "sample_count": 32000}
{"timestamp": "2026-03-23T21:00:25.034530", "level": "INFO", "logger": "collector", "message": "Packet metadata olusturuldu", "event": "packet_written", "packet_index": 22, "file_name": "packet_22_1774299614982617000_1774299624982413000_20260323_210025.parquet", "sample_count": 32000, "effective_hz": 3200.0652813317392}
{"timestamp": "2026-03-23T21:00:25.034567", "level": "INFO", "logger": "collector", "message": "Pending queue flush ediliyor", "event": "pending_flush_requested", "packet_index": 22}
{"timestamp": "2026-03-23T21:00:25.092737", "level": "INFO", "logger": "collector", "message": "Collector calismasi tamamlandi", "event": "collector_run_completed", "produced_packet_count": 3}
{"timestamp": "2026-03-23T22:04:29.242808", "level": "INFO", "logger": "collector", "message": "Collector basladi", "event": "collector_started"}
{"timestamp": "2026-03-23T22:04:29.243023", "level": "INFO", "logger": "collector.health", "message": "Health server baslatildi", "event": "health_server_started", "host": "127.0.0.1", "port": 9000}
{"timestamp": "2026-03-23T22:04:29.243585", "level": "INFO", "logger": "collector", "message": "Program baslangicinda pending packetler kontrol ediliyor", "event": "startup_pending_flush"}
{"timestamp": "2026-03-23T22:04:29.243874", "level": "INFO", "logger": "collector.retry_queue", "message": "Pending klasorunde gonderilecek packet yok", "event": "pending_empty"}
{"timestamp": "2026-03-23T22:04:29.244066", "level": "INFO", "logger": "collector", "message": "Collector calisma ayarlari belirlendi", "event": "collector_config_selected", "mode": "realtime", "hours": 0.01, "packet_limit": 3}
{"timestamp": "2026-03-23T22:04:29.244310", "level": "INFO", "logger": "collector", "message": "Yeni packet toplaniyor", "event": "packet_collect_start", "packet_index": 23}
{"timestamp": "2026-03-23T22:04:29.244339", "level": "INFO", "logger": "collector", "message": "Real-time mode aktif", "event": "collector_mode_realtime", "packet_index": 23}
{"timestamp": "2026-03-23T22:04:39.245126", "level": "INFO", "logger": "collector", "message": "Olcumler toplandi", "event": "samples_collected", "packet_index": 23, "sample_count": 32000}
{"timestamp": "2026-03-23T22:04:39.393967", "level": "INFO", "logger": "collector", "message": "Packet metadata olusturuldu", "event": "packet_written", "packet_index": 23, "file_name": "packet_23_1774303469244409000_1774303479244234000_20260323_220439.parquet", "sample_count": 32000, "effective_hz": 3200.0560009800174}
{"timestamp": "2026-03-23T22:04:39.394002", "level": "INFO", "logger": "collector", "message": "Pending queue flush ediliyor", "event": "pending_flush_requested", "packet_index": 23}
{"timestamp": "2026-03-23T22:04:39.394090", "level": "INFO", "logger": "collector.retry_queue", "message": "Pending klasorunde packet bulundu", "event": "pending_found", "pending_count": 1}
{"timestamp": "2026-03-23T22:04:39.394111", "level": "INFO", "logger": "collector.retry_queue", "message": "Gonderim tekrar deneniyor", "event": "packet_retry_attempt", "file_name": "packet_23_1774303469244409000_1774303479244234000_20260323_220439.parquet"}
{"timestamp": "2026-03-23T22:04:39.735094", "level": "INFO", "logger": "collector.sender", "message": "Packet basariyla gonderildi", "event": "packet_send_success", "file_name": "packet_23_1774303469244409000_1774303479244234000_20260323_220439.parquet", "status_code": 200}
{"timestamp": "2026-03-23T22:04:39.735148", "level": "INFO", "logger": "collector.sender", "message": "Hub response alindi", "event": "hub_response_received", "file_name": "packet_23_1774303469244409000_1774303479244234000_20260323_220439.parquet", "response_body": "{\"ok\":true,\"packet_id\":\"12cc68d4-5135-4a91-b18c-8fd9886809f2\",\"n_samples\":32000}"}
{"timestamp": "2026-03-23T22:04:39.735641", "level": "INFO", "logger": "collector.retry_queue", "message": "Packet sent klasorune tasindi", "event": "packet_sent", "file_name": "packet_23_1774303469244409000_1774303479244234000_20260323_220439.parquet"}
{"timestamp": "2026-03-23T22:04:39.736821", "level": "INFO", "logger": "collector", "message": "Yeni packet toplaniyor", "event": "packet_collect_start", "packet_index": 24}
{"timestamp": "2026-03-23T22:04:39.736850", "level": "INFO", "logger": "collector", "message": "Real-time mode aktif", "event": "collector_mode_realtime", "packet_index": 24}
{"timestamp": "2026-03-23T22:04:49.741377", "level": "INFO", "logger": "collector", "message": "Olcumler toplandi", "event": "samples_collected", "packet_index": 24, "sample_count": 32000}
{"timestamp": "2026-03-23T22:04:49.775231", "level": "INFO", "logger": "collector", "message": "Packet metadata olusturuldu", "event": "packet_written", "packet_index": 24, "file_name": "packet_24_1774303479736881000_1774303489736681000_20260323_220449.parquet", "sample_count": 32000, "effective_hz": 3200.0640012800254}
{"timestamp": "2026-03-23T22:04:49.775267", "level": "INFO", "logger": "collector", "message": "Pending queue flush ediliyor", "event": "pending_flush_requested", "packet_index": 24}
{"timestamp": "2026-03-23T22:04:49.775350", "level": "INFO", "logger": "collector.retry_queue", "message": "Pending klasorunde packet bulundu", "event": "pending_found", "pending_count": 1}
{"timestamp": "2026-03-23T22:04:49.775371", "level": "INFO", "logger": "collector.retry_queue", "message": "Gonderim tekrar deneniyor", "event": "packet_retry_attempt", "file_name": "packet_24_1774303479736881000_1774303489736681000_20260323_220449.parquet"}
{"timestamp": "2026-03-23T22:04:49.824130", "level": "INFO", "logger": "collector.sender", "message": "Packet basariyla gonderildi", "event": "packet_send_success", "file_name": "packet_24_1774303479736881000_1774303489736681000_20260323_220449.parquet", "status_code": 200}
{"timestamp": "2026-03-23T22:04:49.824171", "level": "INFO", "logger": "collector.sender", "message": "Hub response alindi", "event": "hub_response_received", "file_name": "packet_24_1774303479736881000_1774303489736681000_20260323_220449.parquet", "response_body": "{\"ok\":true,\"packet_id\":\"fc22f3e9-0cbd-45b6-8192-f834b1ea35e7\",\"n_samples\":32000}"}
{"timestamp": "2026-03-23T22:04:49.825189", "level": "INFO", "logger": "collector.retry_queue", "message": "Packet sent klasorune tasindi", "event": "packet_sent", "file_name": "packet_24_1774303479736881000_1774303489736681000_20260323_220449.parquet"}
{"timestamp": "2026-03-23T22:04:49.825475", "level": "INFO", "logger": "collector", "message": "Yeni packet toplaniyor", "event": "packet_collect_start", "packet_index": 25}
{"timestamp": "2026-03-23T22:04:49.825495", "level": "INFO", "logger": "collector", "message": "Real-time mode aktif", "event": "collector_mode_realtime", "packet_index": 25}
{"timestamp": "2026-03-23T22:04:59.827650", "level": "INFO", "logger": "collector", "message": "Olcumler toplandi", "event": "samples_collected", "packet_index": 25, "sample_count": 32000}
{"timestamp": "2026-03-23T22:04:59.858992", "level": "INFO", "logger": "collector", "message": "Packet metadata olusturuldu", "event": "packet_written", "packet_index": 25, "file_name": "packet_25_1774303489825517000_1774303499825305000_20260323_220459.parquet", "sample_count": 32000, "effective_hz": 3200.0678414382382}
{"timestamp": "2026-03-23T22:04:59.859033", "level": "INFO", "logger": "collector", "message": "Pending queue flush ediliyor", "event": "pending_flush_requested", "packet_index": 25}
{"timestamp": "2026-03-23T22:04:59.859142", "level": "INFO", "logger": "collector.retry_queue", "message": "Pending klasorunde packet bulundu", "event": "pending_found", "pending_count": 1}
{"timestamp": "2026-03-23T22:04:59.859164", "level": "INFO", "logger": "collector.retry_queue", "message": "Gonderim tekrar deneniyor", "event": "packet_retry_attempt", "file_name": "packet_25_1774303489825517000_1774303499825305000_20260323_220459.parquet"}
{"timestamp": "2026-03-23T22:04:59.916194", "level": "INFO", "logger": "collector.sender", "message": "Packet basariyla gonderildi", "event": "packet_send_success", "file_name": "packet_25_1774303489825517000_1774303499825305000_20260323_220459.parquet", "status_code": 200}
{"timestamp": "2026-03-23T22:04:59.916241", "level": "INFO", "logger": "collector.sender", "message": "Hub response alindi", "event": "hub_response_received", "file_name": "packet_25_1774303489825517000_1774303499825305000_20260323_220459.parquet", "response_body": "{\"ok\":true,\"packet_id\":\"c7e07357-4f76-40d7-8194-e6d3c58b294f\",\"n_samples\":32000}"}
{"timestamp": "2026-03-23T22:04:59.916927", "level": "INFO", "logger": "collector.retry_queue", "message": "Packet sent klasorune tasindi", "event": "packet_sent", "file_name": "packet_25_1774303489825517000_1774303499825305000_20260323_220459.parquet"}
{"timestamp": "2026-03-23T22:04:59.917289", "level": "INFO", "logger": "collector", "message": "Collector calismasi tamamlandi", "event": "collector_run_completed", "produced_packet_count": 3}
{"timestamp": "2026-03-23T22:31:37.568125", "level": "INFO", "logger": "collector", "message": "Collector basladi", "event": "collector_started"}
{"timestamp": "2026-03-23T22:31:37.568351", "level": "INFO", "logger": "collector.health", "message": "Health server baslatildi", "event": "health_server_started", "host": "127.0.0.1", "port": 9000}
{"timestamp": "2026-03-23T22:31:37.568855", "level": "INFO", "logger": "collector", "message": "Program baslangicinda pending packetler kontrol ediliyor", "event": "startup_pending_flush"}
{"timestamp": "2026-03-23T22:31:37.569009", "level": "INFO", "logger": "collector.retry_queue", "message": "Pending klasorunde gonderilecek packet yok", "event": "pending_empty"}
{"timestamp": "2026-03-23T22:31:37.569047", "level": "INFO", "logger": "collector", "message": "Collector calisma ayarlari belirlendi", "event": "collector_config_selected", "mode": "realtime", "hours": 0.01, "packet_limit": 3}
{"timestamp": "2026-03-23T22:31:37.569240", "level": "INFO", "logger": "collector", "message": "Yeni packet toplaniyor", "event": "packet_collect_start", "packet_index": 26}
{"timestamp": "2026-03-23T22:31:37.569276", "level": "INFO", "logger": "collector", "message": "Real-time mode aktif", "event": "collector_mode_realtime", "packet_index": 26}
{"timestamp": "2026-03-23T22:31:47.570360", "level": "INFO", "logger": "collector", "message": "Olcumler toplandi", "event": "samples_collected", "packet_index": 26, "sample_count": 32000}
{"timestamp": "2026-03-23T22:31:47.679865", "level": "INFO", "logger": "collector", "message": "Packet metadata olusturuldu", "event": "packet_written", "packet_index": 26, "file_name": "packet_26_1774305097569301000_1774305107569104000_20260323_223147.parquet", "sample_count": 32000, "effective_hz": 3200.0630412419123}
{"timestamp": "2026-03-23T22:31:47.679902", "level": "INFO", "logger": "collector", "message": "Pending queue flush ediliyor", "event": "pending_flush_requested", "packet_index": 26}
{"timestamp": "2026-03-23T22:31:47.680042", "level": "INFO", "logger": "collector.retry_queue", "message": "Pending klasorunde packet bulundu", "event": "pending_found", "pending_count": 1}
{"timestamp": "2026-03-23T22:31:47.680068", "level": "INFO", "logger": "collector.retry_queue", "message": "Gonderim tekrar deneniyor", "event": "packet_retry_attempt", "file_name": "packet_26_1774305097569301000_1774305107569104000_20260323_223147.parquet"}
{"timestamp": "2026-03-23T22:31:47.962643", "level": "INFO", "logger": "collector.sender", "message": "Packet basariyla gonderildi", "event": "packet_send_success", "file_name": "packet_26_1774305097569301000_1774305107569104000_20260323_223147.parquet", "status_code": 200}
{"timestamp": "2026-03-23T22:31:47.962685", "level": "INFO", "logger": "collector.sender", "message": "Hub response alindi", "event": "hub_response_received", "file_name": "packet_26_1774305097569301000_1774305107569104000_20260323_223147.parquet", "response_body": "{\"ok\":true,\"packet_id\":\"b8f0ec7e-2132-4369-8cee-726dc99bd25f\",\"n_samples\":32000}"}
{"timestamp": "2026-03-23T22:31:47.963220", "level": "INFO", "logger": "collector.retry_queue", "message": "Packet sent klasorune tasindi", "event": "packet_sent", "file_name": "packet_26_1774305097569301000_1774305107569104000_20260323_223147.parquet"}
{"timestamp": "2026-03-23T22:31:47.964765", "level": "INFO", "logger": "collector", "message": "Yeni packet toplaniyor", "event": "packet_collect_start", "packet_index": 27}
{"timestamp": "2026-03-23T22:31:47.964791", "level": "INFO", "logger": "collector", "message": "Real-time mode aktif", "event": "collector_mode_realtime", "packet_index": 27}
{"timestamp": "2026-03-23T22:31:57.968423", "level": "INFO", "logger": "collector", "message": "Olcumler toplandi", "event": "samples_collected", "packet_index": 27, "sample_count": 32000}
{"timestamp": "2026-03-23T22:31:58.021039", "level": "INFO", "logger": "collector", "message": "Packet metadata olusturuldu", "event": "packet_written", "packet_index": 27, "file_name": "packet_27_1774305107964818000_1774305117964616000_20260323_223158.parquet", "sample_count": 32000, "effective_hz": 3200.0646413057543}
{"timestamp": "2026-03-23T22:31:58.021079", "level": "INFO", "logger": "collector", "message": "Pending queue flush ediliyor", "event": "pending_flush_requested", "packet_index": 27}
{"timestamp": "2026-03-23T22:31:58.021187", "level": "INFO", "logger": "collector.retry_queue", "message": "Pending klasorunde packet bulundu", "event": "pending_found", "pending_count": 1}
{"timestamp": "2026-03-23T22:31:58.021216", "level": "INFO", "logger": "collector.retry_queue", "message": "Gonderim tekrar deneniyor", "event": "packet_retry_attempt", "file_name": "packet_27_1774305107964818000_1774305117964616000_20260323_223158.parquet"}
{"timestamp": "2026-03-23T22:31:58.105678", "level": "INFO", "logger": "collector.sender", "message": "Packet basariyla gonderildi", "event": "packet_send_success", "file_name": "packet_27_1774305107964818000_1774305117964616000_20260323_223158.parquet", "status_code": 200}
{"timestamp": "2026-03-23T22:31:58.105729", "level": "INFO", "logger": "collector.sender", "message": "Hub response alindi", "event": "hub_response_received", "file_name": "packet_27_1774305107964818000_1774305117964616000_20260323_223158.parquet", "response_body": "{\"ok\":true,\"packet_id\":\"2b85147a-d73b-4f78-8079-11731ba0239d\",\"n_samples\":32000}"}
{"timestamp": "2026-03-23T22:31:58.106376", "level": "INFO", "logger": "collector.retry_queue", "message": "Packet sent klasorune tasindi", "event": "packet_sent", "file_name": "packet_27_1774305107964818000_1774305117964616000_20260323_223158.parquet"}
{"timestamp": "2026-03-23T22:31:58.107069", "level": "INFO", "logger": "collector", "message": "Yeni packet toplaniyor", "event": "packet_collect_start", "packet_index": 28}
{"timestamp": "2026-03-23T22:31:58.107092", "level": "INFO", "logger": "collector", "message": "Real-time mode aktif", "event": "collector_mode_realtime", "packet_index": 28}
{"timestamp": "2026-03-23T22:32:08.120445", "level": "INFO", "logger": "collector", "message": "Olcumler toplandi", "event": "samples_collected", "packet_index": 28, "sample_count": 32000}
{"timestamp": "2026-03-23T22:32:08.176758", "level": "INFO", "logger": "collector", "message": "Packet metadata olusturuldu", "event": "packet_written", "packet_index": 28, "file_name": "packet_28_1774305118107119000_1774305128106907000_20260323_223208.parquet", "sample_count": 32000, "effective_hz": 3200.0678414382382}
{"timestamp": "2026-03-23T22:32:08.176807", "level": "INFO", "logger": "collector", "message": "Pending queue flush ediliyor", "event": "pending_flush_requested", "packet_index": 28}
{"timestamp": "2026-03-23T22:32:08.176951", "level": "INFO", "logger": "collector.retry_queue", "message": "Pending klasorunde packet bulundu", "event": "pending_found", "pending_count": 1}
{"timestamp": "2026-03-23T22:32:08.176979", "level": "INFO", "logger": "collector.retry_queue", "message": "Gonderim tekrar deneniyor", "event": "packet_retry_attempt", "file_name": "packet_28_1774305118107119000_1774305128106907000_20260323_223208.parquet"}
{"timestamp": "2026-03-23T22:32:08.270790", "level": "INFO", "logger": "collector.sender", "message": "Packet basariyla gonderildi", "event": "packet_send_success", "file_name": "packet_28_1774305118107119000_1774305128106907000_20260323_223208.parquet", "status_code": 200}
{"timestamp": "2026-03-23T22:32:08.270843", "level": "INFO", "logger": "collector.sender", "message": "Hub response alindi", "event": "hub_response_received", "file_name": "packet_28_1774305118107119000_1774305128106907000_20260323_223208.parquet", "response_body": "{\"ok\":true,\"packet_id\":\"c2f31884-a799-4841-9c19-9f1696bc6f86\",\"n_samples\":32000}"}
{"timestamp": "2026-03-23T22:32:08.271475", "level": "INFO", "logger": "collector.retry_queue", "message": "Packet sent klasorune tasindi", "event": "packet_sent", "file_name": "packet_28_1774305118107119000_1774305128106907000_20260323_223208.parquet"}
{"timestamp": "2026-03-23T22:32:08.272087", "level": "INFO", "logger": "collector", "message": "Collector calismasi tamamlandi", "event": "collector_run_completed", "produced_packet_count": 3}
{"timestamp": "2026-03-23T22:42:45.642968", "level": "INFO", "logger": "collector", "message": "Collector basladi", "event": "collector_started"}
{"timestamp": "2026-03-23T22:42:45.643230", "level": "INFO", "logger": "collector.health", "message": "Health server baslatildi", "event": "health_server_started", "host": "127.0.0.1", "port": 9000}
{"timestamp": "2026-03-23T22:42:45.643812", "level": "INFO", "logger": "collector", "message": "Program baslangicinda pending packetler kontrol ediliyor", "event": "startup_pending_flush"}
{"timestamp": "2026-03-23T22:42:45.644089", "level": "INFO", "logger": "collector.retry_queue", "message": "Pending klasorunde gonderilecek packet yok", "event": "pending_empty"}
{"timestamp": "2026-03-23T22:42:45.644129", "level": "INFO", "logger": "collector", "message": "Collector calisma ayarlari belirlendi", "event": "collector_config_selected", "mode": "realtime", "hours": 0.01, "packet_limit": 3}
{"timestamp": "2026-03-23T22:42:45.644365", "level": "INFO", "logger": "collector", "message": "Yeni packet toplaniyor", "event": "packet_collect_start", "packet_index": 29}
{"timestamp": "2026-03-23T22:42:45.644424", "level": "INFO", "logger": "collector", "message": "Real-time mode aktif", "event": "collector_mode_realtime", "packet_index": 29}
{"timestamp": "2026-03-23T22:42:55.646048", "level": "INFO", "logger": "collector", "message": "Olcumler toplandi", "event": "samples_collected", "packet_index": 29, "sample_count": 32000}
{"timestamp": "2026-03-23T22:42:55.752854", "level": "INFO", "logger": "collector", "message": "Packet metadata olusturuldu", "event": "packet_written", "packet_index": 29, "file_name": "packet_29_1774305765644473000_1774305775644258000_20260323_224255.parquet", "sample_count": 32000, "effective_hz": 3200.068801479232}
{"timestamp": "2026-03-23T22:42:55.752885", "level": "INFO", "logger": "collector", "message": "Pending queue flush ediliyor", "event": "pending_flush_requested", "packet_index": 29}
{"timestamp": "2026-03-23T22:42:55.752990", "level": "INFO", "logger": "collector.retry_queue", "message": "Pending klasorunde packet bulundu", "event": "pending_found", "pending_count": 1}
{"timestamp": "2026-03-23T22:42:55.753016", "level": "INFO", "logger": "collector.retry_queue", "message": "Gonderim tekrar deneniyor", "event": "packet_retry_attempt", "file_name": "packet_29_1774305765644473000_1774305775644258000_20260323_224255.parquet"}
{"timestamp": "2026-03-23T22:42:56.036209", "level": "INFO", "logger": "collector.sender", "message": "Packet basariyla gonderildi", "event": "packet_send_success", "file_name": "packet_29_1774305765644473000_1774305775644258000_20260323_224255.parquet", "status_code": 200}
{"timestamp": "2026-03-23T22:42:56.036254", "level": "INFO", "logger": "collector.sender", "message": "Hub response alindi", "event": "hub_response_received", "file_name": "packet_29_1774305765644473000_1774305775644258000_20260323_224255.parquet", "response_body": "{\"ok\":true,\"packet_id\":\"cea84008-13ac-48a6-bdf8-3d31d5db247f\",\"n_samples\":32000}"}
{"timestamp": "2026-03-23T22:42:56.036789", "level": "INFO", "logger": "collector.retry_queue", "message": "Packet sent klasorune tasindi", "event": "packet_sent", "file_name": "packet_29_1774305765644473000_1774305775644258000_20260323_224255.parquet"}
{"timestamp": "2026-03-23T22:42:56.037540", "level": "INFO", "logger": "collector", "message": "Yeni packet toplaniyor", "event": "packet_collect_start", "packet_index": 30}
{"timestamp": "2026-03-23T22:42:56.037568", "level": "INFO", "logger": "collector", "message": "Real-time mode aktif", "event": "collector_mode_realtime", "packet_index": 30}
{"timestamp": "2026-03-23T22:43:06.042575", "level": "INFO", "logger": "collector", "message": "Olcumler toplandi", "event": "samples_collected", "packet_index": 30, "sample_count": 32000}
{"timestamp": "2026-03-23T22:43:06.097842", "level": "INFO", "logger": "collector", "message": "Packet metadata olusturuldu", "event": "packet_written", "packet_index": 30, "file_name": "packet_30_1774305776037591000_1774305786037387000_20260323_224306.parquet", "sample_count": 32000, "effective_hz": 3200.0652813317392}
{"timestamp": "2026-03-23T22:43:06.097879", "level": "INFO", "logger": "collector", "message": "Pending queue flush ediliyor", "event": "pending_flush_requested", "packet_index": 30}
{"timestamp": "2026-03-23T22:43:06.097959", "level": "INFO", "logger": "collector.retry_queue", "message": "Pending klasorunde packet bulundu", "event": "pending_found", "pending_count": 1}
{"timestamp": "2026-03-23T22:43:06.097983", "level": "INFO", "logger": "collector.retry_queue", "message": "Gonderim tekrar deneniyor", "event": "packet_retry_attempt", "file_name": "packet_30_1774305776037591000_1774305786037387000_20260323_224306.parquet"}
{"timestamp": "2026-03-23T22:43:06.195051", "level": "INFO", "logger": "collector.sender", "message": "Packet basariyla gonderildi", "event": "packet_send_success", "file_name": "packet_30_1774305776037591000_1774305786037387000_20260323_224306.parquet", "status_code": 200}
{"timestamp": "2026-03-23T22:43:06.195105", "level": "INFO", "logger": "collector.sender", "message": "Hub response alindi", "event": "hub_response_received", "file_name": "packet_30_1774305776037591000_1774305786037387000_20260323_224306.parquet", "response_body": "{\"ok\":true,\"packet_id\":\"4d890542-b290-475d-b0cb-89f66ad8c39d\",\"n_samples\":32000}"}
{"timestamp": "2026-03-23T22:43:06.195813", "level": "INFO", "logger": "collector.retry_queue", "message": "Packet sent klasorune tasindi", "event": "packet_sent", "file_name": "packet_30_1774305776037591000_1774305786037387000_20260323_224306.parquet"}
{"timestamp": "2026-03-23T22:43:06.196466", "level": "INFO", "logger": "collector", "message": "Yeni packet toplaniyor", "event": "packet_collect_start", "packet_index": 31}
{"timestamp": "2026-03-23T22:43:06.196487", "level": "INFO", "logger": "collector", "message": "Real-time mode aktif", "event": "collector_mode_realtime", "packet_index": 31}
{"timestamp": "2026-03-23T22:43:16.213654", "level": "INFO", "logger": "collector", "message": "Olcumler toplandi", "event": "samples_collected", "packet_index": 31, "sample_count": 32000}
{"timestamp": "2026-03-23T22:43:16.267533", "level": "INFO", "logger": "collector", "message": "Packet metadata olusturuldu", "event": "packet_written", "packet_index": 31, "file_name": "packet_31_1774305786196519000_1774305796196319000_20260323_224316.parquet", "sample_count": 32000, "effective_hz": 3200.0640012800254}
{"timestamp": "2026-03-23T22:43:16.267572", "level": "INFO", "logger": "collector", "message": "Pending queue flush ediliyor", "event": "pending_flush_requested", "packet_index": 31}
{"timestamp": "2026-03-23T22:43:16.267672", "level": "INFO", "logger": "collector.retry_queue", "message": "Pending klasorunde packet bulundu", "event": "pending_found", "pending_count": 1}
{"timestamp": "2026-03-23T22:43:16.267699", "level": "INFO", "logger": "collector.retry_queue", "message": "Gonderim tekrar deneniyor", "event": "packet_retry_attempt", "file_name": "packet_31_1774305786196519000_1774305796196319000_20260323_224316.parquet"}
{"timestamp": "2026-03-23T22:43:16.359248", "level": "INFO", "logger": "collector.sender", "message": "Packet basariyla gonderildi", "event": "packet_send_success", "file_name": "packet_31_1774305786196519000_1774305796196319000_20260323_224316.parquet", "status_code": 200}
{"timestamp": "2026-03-23T22:43:16.359299", "level": "INFO", "logger": "collector.sender", "message": "Hub response alindi", "event": "hub_response_received", "file_name": "packet_31_1774305786196519000_1774305796196319000_20260323_224316.parquet", "response_body": "{\"ok\":true,\"packet_id\":\"e484825f-6f95-4d97-a3eb-8448f885d5b5\",\"n_samples\":32000}"}
{"timestamp": "2026-03-23T22:43:16.359924", "level": "INFO", "logger": "collector.retry_queue", "message": "Packet sent klasorune tasindi", "event": "packet_sent", "file_name": "packet_31_1774305786196519000_1774305796196319000_20260323_224316.parquet"}
{"timestamp": "2026-03-23T22:43:16.360553", "level": "INFO", "logger": "collector", "message": "Collector calismasi tamamlandi", "event": "collector_run_completed", "produced_packet_count": 3}
